The system is: Darwin - 16.1.0 - x86_64
Compiling the C compiler identification source file "CMakeCCompilerId.c" succeeded.
Compiler: /Library/Developer/CommandLineTools/usr/bin/cc 
Build flags: 
Id flags: 

The output was:
0


Compilation of the C compiler identification source "CMakeCCompilerId.c" produced "a.out"

The C compiler identification is AppleClang, found in "/Users/fuadshah/Desktop/MVCCART/CMakeFiles/3.6.3/CompilerIdC/a.out"

Compiling the CXX compiler identification source file "CMakeCXXCompilerId.cpp" succeeded.
Compiler: /Library/Developer/CommandLineTools/usr/bin/c++ 
Build flags: 
Id flags: 

The output was:
0


Compilation of the CXX compiler identification source "CMakeCXXCompilerId.cpp" produced "a.out"

The CXX compiler identification is AppleClang, found in "/Users/fuadshah/Desktop/MVCCART/CMakeFiles/3.6.3/CompilerIdCXX/a.out"

Determining if the C compiler works passed with the following output:
Change Dir: /Users/fuadshah/Desktop/MVCCART/CMakeFiles/CMakeTmp

Run Build Command:"/usr/bin/make" "cmTC_27c98/fast"
/Library/Developer/CommandLineTools/usr/bin/make -f CMakeFiles/cmTC_27c98.dir/build.make CMakeFiles/cmTC_27c98.dir/build
Building C object CMakeFiles/cmTC_27c98.dir/testCCompiler.c.o
/Library/Developer/CommandLineTools/usr/bin/cc     -o CMakeFiles/cmTC_27c98.dir/testCCompiler.c.o   -c /Users/fuadshah/Desktop/MVCCART/CMakeFiles/CMakeTmp/testCCompiler.c
Linking C executable cmTC_27c98
/Applications/CLion.app/Contents/bin/cmake/bin/cmake -E cmake_link_script CMakeFiles/cmTC_27c98.dir/link.txt --verbose=1
/Library/Developer/CommandLineTools/usr/bin/cc    -Wl,-search_paths_first -Wl,-headerpad_max_install_names   CMakeFiles/cmTC_27c98.dir/testCCompiler.c.o  -o cmTC_27c98  


Detecting C compiler ABI info compiled with the following output:
Change Dir: /Users/fuadshah/Desktop/MVCCART/CMakeFiles/CMakeTmp

Run Build Command:"/usr/bin/make" "cmTC_9a953/fast"
/Library/Developer/CommandLineTools/usr/bin/make -f CMakeFiles/cmTC_9a953.dir/build.make CMakeFiles/cmTC_9a953.dir/build
Building C object CMakeFiles/cmTC_9a953.dir/CMakeCCompilerABI.c.o
/Library/Developer/CommandLineTools/usr/bin/cc     -o CMakeFiles/cmTC_9a953.dir/CMakeCCompilerABI.c.o   -c /Applications/CLion.app/Contents/bin/cmake/share/cmake-3.6/Modules/CMakeCCompilerABI.c
Linking C executable cmTC_9a953
/Applications/CLion.app/Contents/bin/cmake/bin/cmake -E cmake_link_script CMakeFiles/cmTC_9a953.dir/link.txt --verbose=1
/Library/Developer/CommandLineTools/usr/bin/cc    -Wl,-search_paths_first -Wl,-headerpad_max_install_names  -v -Wl,-v CMakeFiles/cmTC_9a953.dir/CMakeCCompilerABI.c.o  -o cmTC_9a953   
Apple LLVM version 8.0.0 (clang-800.0.42.1)
Target: x86_64-apple-darwin16.1.0
Thread model: posix
InstalledDir: /Library/Developer/CommandLineTools/usr/bin
 "/Library/Developer/CommandLineTools/usr/bin/ld" -demangle -dynamic -arch x86_64 -macosx_version_min 10.12.0 -o cmTC_9a953 -search_paths_first -headerpad_max_install_names -v CMakeFiles/cmTC_9a953.dir/CMakeCCompilerABI.c.o -lSystem /Library/Developer/CommandLineTools/usr/bin/../lib/clang/8.0.0/lib/darwin/libclang_rt.osx.a
@(#)PROGRAM:ld  PROJECT:ld64-274.2
configured to support archs: armv6 armv7 armv7s arm64 i386 x86_64 x86_64h armv6m armv7k armv7m armv7em (tvOS)
Library search paths:
	/usr/lib
	/usr/local/lib
Framework search paths:
	/Library/Frameworks/
	/System/Library/Frameworks/


Parsed C implicit link information from above output:
  link line regex: [^( *|.*[/\])(ld|([^/\]+-)?ld|collect2)[^/\]*( |$)]
  ignore line: [Change Dir: /Users/fuadshah/Desktop/MVCCART/CMakeFiles/CMakeTmp]
  ignore line: []
  ignore line: [Run Build Command:"/usr/bin/make" "cmTC_9a953/fast"]
  ignore line: [/Library/Developer/CommandLineTools/usr/bin/make -f CMakeFiles/cmTC_9a953.dir/build.make CMakeFiles/cmTC_9a953.dir/build]
  ignore line: [Building C object CMakeFiles/cmTC_9a953.dir/CMakeCCompilerABI.c.o]
  ignore line: [/Library/Developer/CommandLineTools/usr/bin/cc     -o CMakeFiles/cmTC_9a953.dir/CMakeCCompilerABI.c.o   -c /Applications/CLion.app/Contents/bin/cmake/share/cmake-3.6/Modules/CMakeCCompilerABI.c]
  ignore line: [Linking C executable cmTC_9a953]
  ignore line: [/Applications/CLion.app/Contents/bin/cmake/bin/cmake -E cmake_link_script CMakeFiles/cmTC_9a953.dir/link.txt --verbose=1]
  ignore line: [/Library/Developer/CommandLineTools/usr/bin/cc    -Wl,-search_paths_first -Wl,-headerpad_max_install_names  -v -Wl,-v CMakeFiles/cmTC_9a953.dir/CMakeCCompilerABI.c.o  -o cmTC_9a953   ]
  ignore line: [Apple LLVM version 8.0.0 (clang-800.0.42.1)]
  ignore line: [Target: x86_64-apple-darwin16.1.0]
  ignore line: [Thread model: posix]
  ignore line: [InstalledDir: /Library/Developer/CommandLineTools/usr/bin]
  link line: [ "/Library/Developer/CommandLineTools/usr/bin/ld" -demangle -dynamic -arch x86_64 -macosx_version_min 10.12.0 -o cmTC_9a953 -search_paths_first -headerpad_max_install_names -v CMakeFiles/cmTC_9a953.dir/CMakeCCompilerABI.c.o -lSystem /Library/Developer/CommandLineTools/usr/bin/../lib/clang/8.0.0/lib/darwin/libclang_rt.osx.a]
    arg [/Library/Developer/CommandLineTools/usr/bin/ld] ==> ignore
    arg [-demangle] ==> ignore
    arg [-dynamic] ==> ignore
    arg [-arch] ==> ignore
    arg [x86_64] ==> ignore
    arg [-macosx_version_min] ==> ignore
    arg [10.12.0] ==> ignore
    arg [-o] ==> ignore
    arg [cmTC_9a953] ==> ignore
    arg [-search_paths_first] ==> ignore
    arg [-headerpad_max_install_names] ==> ignore
    arg [-v] ==> ignore
    arg [CMakeFiles/cmTC_9a953.dir/CMakeCCompilerABI.c.o] ==> ignore
    arg [-lSystem] ==> lib [System]
    arg [/Library/Developer/CommandLineTools/usr/bin/../lib/clang/8.0.0/lib/darwin/libclang_rt.osx.a] ==> lib [/Library/Developer/CommandLineTools/usr/bin/../lib/clang/8.0.0/lib/darwin/libclang_rt.osx.a]
  Library search paths: [;/usr/lib;/usr/local/lib]
  Framework search paths: [;/Library/Frameworks/;/System/Library/Frameworks/]
  remove lib [System]
  collapse lib [/Library/Developer/CommandLineTools/usr/bin/../lib/clang/8.0.0/lib/darwin/libclang_rt.osx.a] ==> [/Library/Developer/CommandLineTools/usr/lib/clang/8.0.0/lib/darwin/libclang_rt.osx.a]
  collapse library dir [/usr/lib] ==> [/usr/lib]
  collapse library dir [/usr/local/lib] ==> [/usr/local/lib]
  collapse framework dir [/Library/Frameworks/] ==> [/Library/Frameworks]
  collapse framework dir [/System/Library/Frameworks/] ==> [/System/Library/Frameworks]
  implicit libs: [/Library/Developer/CommandLineTools/usr/lib/clang/8.0.0/lib/darwin/libclang_rt.osx.a]
  implicit dirs: [/usr/lib;/usr/local/lib]
  implicit fwks: [/Library/Frameworks;/System/Library/Frameworks]




Detecting C [-std=c11] compiler features compiled with the following output:
Change Dir: /Users/fuadshah/Desktop/MVCCART/CMakeFiles/CMakeTmp

Run Build Command:"/usr/bin/make" "cmTC_34c80/fast"
/Library/Developer/CommandLineTools/usr/bin/make -f CMakeFiles/cmTC_34c80.dir/build.make CMakeFiles/cmTC_34c80.dir/build
Building C object CMakeFiles/cmTC_34c80.dir/feature_tests.c.o
/Library/Developer/CommandLineTools/usr/bin/cc    -std=c11 -o CMakeFiles/cmTC_34c80.dir/feature_tests.c.o   -c /Users/fuadshah/Desktop/MVCCART/CMakeFiles/feature_tests.c
Linking C executable cmTC_34c80
/Applications/CLion.app/Contents/bin/cmake/bin/cmake -E cmake_link_script CMakeFiles/cmTC_34c80.dir/link.txt --verbose=1
/Library/Developer/CommandLineTools/usr/bin/cc    -Wl,-search_paths_first -Wl,-headerpad_max_install_names   CMakeFiles/cmTC_34c80.dir/feature_tests.c.o  -o cmTC_34c80  


    Feature record: C_FEATURE:1c_function_prototypes
    Feature record: C_FEATURE:1c_restrict
    Feature record: C_FEATURE:1c_static_assert
    Feature record: C_FEATURE:1c_variadic_macros


Detecting C [-std=c99] compiler features compiled with the following output:
Change Dir: /Users/fuadshah/Desktop/MVCCART/CMakeFiles/CMakeTmp

Run Build Command:"/usr/bin/make" "cmTC_586da/fast"
/Library/Developer/CommandLineTools/usr/bin/make -f CMakeFiles/cmTC_586da.dir/build.make CMakeFiles/cmTC_586da.dir/build
Building C object CMakeFiles/cmTC_586da.dir/feature_tests.c.o
/Library/Developer/CommandLineTools/usr/bin/cc    -std=c99 -o CMakeFiles/cmTC_586da.dir/feature_tests.c.o   -c /Users/fuadshah/Desktop/MVCCART/CMakeFiles/feature_tests.c
Linking C executable cmTC_586da
/Applications/CLion.app/Contents/bin/cmake/bin/cmake -E cmake_link_script CMakeFiles/cmTC_586da.dir/link.txt --verbose=1
/Library/Developer/CommandLineTools/usr/bin/cc    -Wl,-search_paths_first -Wl,-headerpad_max_install_names   CMakeFiles/cmTC_586da.dir/feature_tests.c.o  -o cmTC_586da  


    Feature record: C_FEATURE:1c_function_prototypes
    Feature record: C_FEATURE:1c_restrict
    Feature record: C_FEATURE:0c_static_assert
    Feature record: C_FEATURE:1c_variadic_macros


Detecting C [-std=c90] compiler features compiled with the following output:
Change Dir: /Users/fuadshah/Desktop/MVCCART/CMakeFiles/CMakeTmp

Run Build Command:"/usr/bin/make" "cmTC_1d59b/fast"
/Library/Developer/CommandLineTools/usr/bin/make -f CMakeFiles/cmTC_1d59b.dir/build.make CMakeFiles/cmTC_1d59b.dir/build
Building C object CMakeFiles/cmTC_1d59b.dir/feature_tests.c.o
/Library/Developer/CommandLineTools/usr/bin/cc    -std=c90 -o CMakeFiles/cmTC_1d59b.dir/feature_tests.c.o   -c /Users/fuadshah/Desktop/MVCCART/CMakeFiles/feature_tests.c
Linking C executable cmTC_1d59b
/Applications/CLion.app/Contents/bin/cmake/bin/cmake -E cmake_link_script CMakeFiles/cmTC_1d59b.dir/link.txt --verbose=1
/Library/Developer/CommandLineTools/usr/bin/cc    -Wl,-search_paths_first -Wl,-headerpad_max_install_names   CMakeFiles/cmTC_1d59b.dir/feature_tests.c.o  -o cmTC_1d59b  


    Feature record: C_FEATURE:1c_function_prototypes
    Feature record: C_FEATURE:0c_restrict
    Feature record: C_FEATURE:0c_static_assert
    Feature record: C_FEATURE:0c_variadic_macros
Determining if the CXX compiler works passed with the following output:
Change Dir: /Users/fuadshah/Desktop/MVCCART/CMakeFiles/CMakeTmp

Run Build Command:"/usr/bin/make" "cmTC_be8c1/fast"
/Library/Developer/CommandLineTools/usr/bin/make -f CMakeFiles/cmTC_be8c1.dir/build.make CMakeFiles/cmTC_be8c1.dir/build
Building CXX object CMakeFiles/cmTC_be8c1.dir/testCXXCompiler.cxx.o
/Library/Developer/CommandLineTools/usr/bin/c++      -o CMakeFiles/cmTC_be8c1.dir/testCXXCompiler.cxx.o -c /Users/fuadshah/Desktop/MVCCART/CMakeFiles/CMakeTmp/testCXXCompiler.cxx
Linking CXX executable cmTC_be8c1
/Applications/CLion.app/Contents/bin/cmake/bin/cmake -E cmake_link_script CMakeFiles/cmTC_be8c1.dir/link.txt --verbose=1
/Library/Developer/CommandLineTools/usr/bin/c++     -Wl,-search_paths_first -Wl,-headerpad_max_install_names   CMakeFiles/cmTC_be8c1.dir/testCXXCompiler.cxx.o  -o cmTC_be8c1  


Detecting CXX compiler ABI info compiled with the following output:
Change Dir: /Users/fuadshah/Desktop/MVCCART/CMakeFiles/CMakeTmp

Run Build Command:"/usr/bin/make" "cmTC_19765/fast"
/Library/Developer/CommandLineTools/usr/bin/make -f CMakeFiles/cmTC_19765.dir/build.make CMakeFiles/cmTC_19765.dir/build
Building CXX object CMakeFiles/cmTC_19765.dir/CMakeCXXCompilerABI.cpp.o
/Library/Developer/CommandLineTools/usr/bin/c++      -o CMakeFiles/cmTC_19765.dir/CMakeCXXCompilerABI.cpp.o -c /Applications/CLion.app/Contents/bin/cmake/share/cmake-3.6/Modules/CMakeCXXCompilerABI.cpp
Linking CXX executable cmTC_19765
/Applications/CLion.app/Contents/bin/cmake/bin/cmake -E cmake_link_script CMakeFiles/cmTC_19765.dir/link.txt --verbose=1
/Library/Developer/CommandLineTools/usr/bin/c++     -Wl,-search_paths_first -Wl,-headerpad_max_install_names  -v -Wl,-v CMakeFiles/cmTC_19765.dir/CMakeCXXCompilerABI.cpp.o  -o cmTC_19765   
Apple LLVM version 8.0.0 (clang-800.0.42.1)
Target: x86_64-apple-darwin16.1.0
Thread model: posix
InstalledDir: /Library/Developer/CommandLineTools/usr/bin
 "/Library/Developer/CommandLineTools/usr/bin/ld" -demangle -dynamic -arch x86_64 -macosx_version_min 10.12.0 -o cmTC_19765 -search_paths_first -headerpad_max_install_names -v CMakeFiles/cmTC_19765.dir/CMakeCXXCompilerABI.cpp.o -lc++ -lSystem /Library/Developer/CommandLineTools/usr/bin/../lib/clang/8.0.0/lib/darwin/libclang_rt.osx.a
@(#)PROGRAM:ld  PROJECT:ld64-274.2
configured to support archs: armv6 armv7 armv7s arm64 i386 x86_64 x86_64h armv6m armv7k armv7m armv7em (tvOS)
Library search paths:
	/usr/lib
	/usr/local/lib
Framework search paths:
	/Library/Frameworks/
	/System/Library/Frameworks/


Parsed CXX implicit link information from above output:
  link line regex: [^( *|.*[/\])(ld|([^/\]+-)?ld|collect2)[^/\]*( |$)]
  ignore line: [Change Dir: /Users/fuadshah/Desktop/MVCCART/CMakeFiles/CMakeTmp]
  ignore line: []
  ignore line: [Run Build Command:"/usr/bin/make" "cmTC_19765/fast"]
  ignore line: [/Library/Developer/CommandLineTools/usr/bin/make -f CMakeFiles/cmTC_19765.dir/build.make CMakeFiles/cmTC_19765.dir/build]
  ignore line: [Building CXX object CMakeFiles/cmTC_19765.dir/CMakeCXXCompilerABI.cpp.o]
  ignore line: [/Library/Developer/CommandLineTools/usr/bin/c++      -o CMakeFiles/cmTC_19765.dir/CMakeCXXCompilerABI.cpp.o -c /Applications/CLion.app/Contents/bin/cmake/share/cmake-3.6/Modules/CMakeCXXCompilerABI.cpp]
  ignore line: [Linking CXX executable cmTC_19765]
  ignore line: [/Applications/CLion.app/Contents/bin/cmake/bin/cmake -E cmake_link_script CMakeFiles/cmTC_19765.dir/link.txt --verbose=1]
  ignore line: [/Library/Developer/CommandLineTools/usr/bin/c++     -Wl,-search_paths_first -Wl,-headerpad_max_install_names  -v -Wl,-v CMakeFiles/cmTC_19765.dir/CMakeCXXCompilerABI.cpp.o  -o cmTC_19765   ]
  ignore line: [Apple LLVM version 8.0.0 (clang-800.0.42.1)]
  ignore line: [Target: x86_64-apple-darwin16.1.0]
  ignore line: [Thread model: posix]
  ignore line: [InstalledDir: /Library/Developer/CommandLineTools/usr/bin]
  link line: [ "/Library/Developer/CommandLineTools/usr/bin/ld" -demangle -dynamic -arch x86_64 -macosx_version_min 10.12.0 -o cmTC_19765 -search_paths_first -headerpad_max_install_names -v CMakeFiles/cmTC_19765.dir/CMakeCXXCompilerABI.cpp.o -lc++ -lSystem /Library/Developer/CommandLineTools/usr/bin/../lib/clang/8.0.0/lib/darwin/libclang_rt.osx.a]
    arg [/Library/Developer/CommandLineTools/usr/bin/ld] ==> ignore
    arg [-demangle] ==> ignore
    arg [-dynamic] ==> ignore
    arg [-arch] ==> ignore
    arg [x86_64] ==> ignore
    arg [-macosx_version_min] ==> ignore
    arg [10.12.0] ==> ignore
    arg [-o] ==> ignore
    arg [cmTC_19765] ==> ignore
    arg [-search_paths_first] ==> ignore
    arg [-headerpad_max_install_names] ==> ignore
    arg [-v] ==> ignore
    arg [CMakeFiles/cmTC_19765.dir/CMakeCXXCompilerABI.cpp.o] ==> ignore
    arg [-lc++] ==> lib [c++]
    arg [-lSystem] ==> lib [System]
    arg [/Library/Developer/CommandLineTools/usr/bin/../lib/clang/8.0.0/lib/darwin/libclang_rt.osx.a] ==> lib [/Library/Developer/CommandLineTools/usr/bin/../lib/clang/8.0.0/lib/darwin/libclang_rt.osx.a]
  Library search paths: [;/usr/lib;/usr/local/lib]
  Framework search paths: [;/Library/Frameworks/;/System/Library/Frameworks/]
  remove lib [System]
  collapse lib [/Library/Developer/CommandLineTools/usr/bin/../lib/clang/8.0.0/lib/darwin/libclang_rt.osx.a] ==> [/Library/Developer/CommandLineTools/usr/lib/clang/8.0.0/lib/darwin/libclang_rt.osx.a]
  collapse library dir [/usr/lib] ==> [/usr/lib]
  collapse library dir [/usr/local/lib] ==> [/usr/local/lib]
  collapse framework dir [/Library/Frameworks/] ==> [/Library/Frameworks]
  collapse framework dir [/System/Library/Frameworks/] ==> [/System/Library/Frameworks]
  implicit libs: [c++;/Library/Developer/CommandLineTools/usr/lib/clang/8.0.0/lib/darwin/libclang_rt.osx.a]
  implicit dirs: [/usr/lib;/usr/local/lib]
  implicit fwks: [/Library/Frameworks;/System/Library/Frameworks]




Detecting CXX [-std=c++14] compiler features compiled with the following output:
Change Dir: /Users/fuadshah/Desktop/MVCCART/CMakeFiles/CMakeTmp

Run Build Command:"/usr/bin/make" "cmTC_084fe/fast"
/Library/Developer/CommandLineTools/usr/bin/make -f CMakeFiles/cmTC_084fe.dir/build.make CMakeFiles/cmTC_084fe.dir/build
Building CXX object CMakeFiles/cmTC_084fe.dir/feature_tests.cxx.o
/Library/Developer/CommandLineTools/usr/bin/c++     -std=c++14 -o CMakeFiles/cmTC_084fe.dir/feature_tests.cxx.o -c /Users/fuadshah/Desktop/MVCCART/CMakeFiles/feature_tests.cxx
Linking CXX executable cmTC_084fe
/Applications/CLion.app/Contents/bin/cmake/bin/cmake -E cmake_link_script CMakeFiles/cmTC_084fe.dir/link.txt --verbose=1
/Library/Developer/CommandLineTools/usr/bin/c++     -Wl,-search_paths_first -Wl,-headerpad_max_install_names   CMakeFiles/cmTC_084fe.dir/feature_tests.cxx.o  -o cmTC_084fe  


    Feature record: CXX_FEATURE:1cxx_aggregate_default_initializers
    Feature record: CXX_FEATURE:1cxx_alias_templates
    Feature record: CXX_FEATURE:1cxx_alignas
    Feature record: CXX_FEATURE:1cxx_alignof
    Feature record: CXX_FEATURE:1cxx_attributes
    Feature record: CXX_FEATURE:1cxx_attribute_deprecated
    Feature record: CXX_FEATURE:1cxx_auto_type
    Feature record: CXX_FEATURE:1cxx_binary_literals
    Feature record: CXX_FEATURE:1cxx_constexpr
    Feature record: CXX_FEATURE:1cxx_contextual_conversions
    Feature record: CXX_FEATURE:1cxx_decltype
    Feature record: CXX_FEATURE:1cxx_decltype_auto
    Feature record: CXX_FEATURE:1cxx_decltype_incomplete_return_types
    Feature record: CXX_FEATURE:1cxx_default_function_template_args
    Feature record: CXX_FEATURE:1cxx_defaulted_functions
    Feature record: CXX_FEATURE:1cxx_defaulted_move_initializers
    Feature record: CXX_FEATURE:1cxx_delegating_constructors
    Feature record: CXX_FEATURE:1cxx_deleted_functions
    Feature record: CXX_FEATURE:1cxx_digit_separators
    Feature record: CXX_FEATURE:1cxx_enum_forward_declarations
    Feature record: CXX_FEATURE:1cxx_explicit_conversions
    Feature record: CXX_FEATURE:1cxx_extended_friend_declarations
    Feature record: CXX_FEATURE:1cxx_extern_templates
    Feature record: CXX_FEATURE:1cxx_final
    Feature record: CXX_FEATURE:1cxx_func_identifier
    Feature record: CXX_FEATURE:1cxx_generalized_initializers
    Feature record: CXX_FEATURE:1cxx_generic_lambdas
    Feature record: CXX_FEATURE:1cxx_inheriting_constructors
    Feature record: CXX_FEATURE:1cxx_inline_namespaces
    Feature record: CXX_FEATURE:1cxx_lambdas
    Feature record: CXX_FEATURE:1cxx_lambda_init_captures
    Feature record: CXX_FEATURE:1cxx_local_type_template_args
    Feature record: CXX_FEATURE:1cxx_long_long_type
    Feature record: CXX_FEATURE:1cxx_noexcept
    Feature record: CXX_FEATURE:1cxx_nonstatic_member_init
    Feature record: CXX_FEATURE:1cxx_nullptr
    Feature record: CXX_FEATURE:1cxx_override
    Feature record: CXX_FEATURE:1cxx_range_for
    Feature record: CXX_FEATURE:1cxx_raw_string_literals
    Feature record: CXX_FEATURE:1cxx_reference_qualified_functions
    Feature record: CXX_FEATURE:1cxx_relaxed_constexpr
    Feature record: CXX_FEATURE:1cxx_return_type_deduction
    Feature record: CXX_FEATURE:1cxx_right_angle_brackets
    Feature record: CXX_FEATURE:1cxx_rvalue_references
    Feature record: CXX_FEATURE:1cxx_sizeof_member
    Feature record: CXX_FEATURE:1cxx_static_assert
    Feature record: CXX_FEATURE:1cxx_strong_enums
    Feature record: CXX_FEATURE:1cxx_template_template_parameters
    Feature record: CXX_FEATURE:1cxx_thread_local
    Feature record: CXX_FEATURE:1cxx_trailing_return_types
    Feature record: CXX_FEATURE:1cxx_unicode_literals
    Feature record: CXX_FEATURE:1cxx_uniform_initialization
    Feature record: CXX_FEATURE:1cxx_unrestricted_unions
    Feature record: CXX_FEATURE:1cxx_user_literals
    Feature record: CXX_FEATURE:1cxx_variable_templates
    Feature record: CXX_FEATURE:1cxx_variadic_macros
    Feature record: CXX_FEATURE:1cxx_variadic_templates


Detecting CXX [-std=c++11] compiler features compiled with the following output:
Change Dir: /Users/fuadshah/Desktop/MVCCART/CMakeFiles/CMakeTmp

Run Build Command:"/usr/bin/make" "cmTC_9c95f/fast"
/Library/Developer/CommandLineTools/usr/bin/make -f CMakeFiles/cmTC_9c95f.dir/build.make CMakeFiles/cmTC_9c95f.dir/build
Building CXX object CMakeFiles/cmTC_9c95f.dir/feature_tests.cxx.o
/Library/Developer/CommandLineTools/usr/bin/c++     -std=c++11 -o CMakeFiles/cmTC_9c95f.dir/feature_tests.cxx.o -c /Users/fuadshah/Desktop/MVCCART/CMakeFiles/feature_tests.cxx
Linking CXX executable cmTC_9c95f
/Applications/CLion.app/Contents/bin/cmake/bin/cmake -E cmake_link_script CMakeFiles/cmTC_9c95f.dir/link.txt --verbose=1
/Library/Developer/CommandLineTools/usr/bin/c++     -Wl,-search_paths_first -Wl,-headerpad_max_install_names   CMakeFiles/cmTC_9c95f.dir/feature_tests.cxx.o  -o cmTC_9c95f  


    Feature record: CXX_FEATURE:0cxx_aggregate_default_initializers
    Feature record: CXX_FEATURE:1cxx_alias_templates
    Feature record: CXX_FEATURE:1cxx_alignas
    Feature record: CXX_FEATURE:1cxx_alignof
    Feature record: CXX_FEATURE:1cxx_attributes
    Feature record: CXX_FEATURE:0cxx_attribute_deprecated
    Feature record: CXX_FEATURE:1cxx_auto_type
    Feature record: CXX_FEATURE:0cxx_binary_literals
    Feature record: CXX_FEATURE:1cxx_constexpr
    Feature record: CXX_FEATURE:0cxx_contextual_conversions
    Feature record: CXX_FEATURE:1cxx_decltype
    Feature record: CXX_FEATURE:0cxx_decltype_auto
    Feature record: CXX_FEATURE:1cxx_decltype_incomplete_return_types
    Feature record: CXX_FEATURE:1cxx_default_function_template_args
    Feature record: CXX_FEATURE:1cxx_defaulted_functions
    Feature record: CXX_FEATURE:1cxx_defaulted_move_initializers
    Feature record: CXX_FEATURE:1cxx_delegating_constructors
    Feature record: CXX_FEATURE:1cxx_deleted_functions
    Feature record: CXX_FEATURE:0cxx_digit_separators
    Feature record: CXX_FEATURE:1cxx_enum_forward_declarations
    Feature record: CXX_FEATURE:1cxx_explicit_conversions
    Feature record: CXX_FEATURE:1cxx_extended_friend_declarations
    Feature record: CXX_FEATURE:1cxx_extern_templates
    Feature record: CXX_FEATURE:1cxx_final
    Feature record: CXX_FEATURE:1cxx_func_identifier
    Feature record: CXX_FEATURE:1cxx_generalized_initializers
    Feature record: CXX_FEATURE:0cxx_generic_lambdas
    Feature record: CXX_FEATURE:1cxx_inheriting_constructors
    Feature record: CXX_FEATURE:1cxx_inline_namespaces
    Feature record: CXX_FEATURE:1cxx_lambdas
    Feature record: CXX_FEATURE:0cxx_lambda_init_captures
    Feature record: CXX_FEATURE:1cxx_local_type_template_args
    Feature record: CXX_FEATURE:1cxx_long_long_type
    Feature record: CXX_FEATURE:1cxx_noexcept
    Feature record: CXX_FEATURE:1cxx_nonstatic_member_init
    Feature record: CXX_FEATURE:1cxx_nullptr
    Feature record: CXX_FEATURE:1cxx_override
    Feature record: CXX_FEATURE:1cxx_range_for
    Feature record: CXX_FEATURE:1cxx_raw_string_literals
    Feature record: CXX_FEATURE:1cxx_reference_qualified_functions
    Feature record: CXX_FEATURE:0cxx_relaxed_constexpr
    Feature record: CXX_FEATURE:0cxx_return_type_deduction
    Feature record: CXX_FEATURE:1cxx_right_angle_brackets
    Feature record: CXX_FEATURE:1cxx_rvalue_references
    Feature record: CXX_FEATURE:1cxx_sizeof_member
    Feature record: CXX_FEATURE:1cxx_static_assert
    Feature record: CXX_FEATURE:1cxx_strong_enums
    Feature record: CXX_FEATURE:1cxx_template_template_parameters
    Feature record: CXX_FEATURE:1cxx_thread_local
    Feature record: CXX_FEATURE:1cxx_trailing_return_types
    Feature record: CXX_FEATURE:1cxx_unicode_literals
    Feature record: CXX_FEATURE:1cxx_uniform_initialization
    Feature record: CXX_FEATURE:1cxx_unrestricted_unions
    Feature record: CXX_FEATURE:1cxx_user_literals
    Feature record: CXX_FEATURE:0cxx_variable_templates
    Feature record: CXX_FEATURE:1cxx_variadic_macros
    Feature record: CXX_FEATURE:1cxx_variadic_templates


Detecting CXX [-std=c++98] compiler features compiled with the following output:
Change Dir: /Users/fuadshah/Desktop/MVCCART/CMakeFiles/CMakeTmp

Run Build Command:"/usr/bin/make" "cmTC_8ab8a/fast"
/Library/Developer/CommandLineTools/usr/bin/make -f CMakeFiles/cmTC_8ab8a.dir/build.make CMakeFiles/cmTC_8ab8a.dir/build
Building CXX object CMakeFiles/cmTC_8ab8a.dir/feature_tests.cxx.o
/Library/Developer/CommandLineTools/usr/bin/c++     -std=c++98 -o CMakeFiles/cmTC_8ab8a.dir/feature_tests.cxx.o -c /Users/fuadshah/Desktop/MVCCART/CMakeFiles/feature_tests.cxx
Linking CXX executable cmTC_8ab8a
/Applications/CLion.app/Contents/bin/cmake/bin/cmake -E cmake_link_script CMakeFiles/cmTC_8ab8a.dir/link.txt --verbose=1
/Library/Developer/CommandLineTools/usr/bin/c++     -Wl,-search_paths_first -Wl,-headerpad_max_install_names   CMakeFiles/cmTC_8ab8a.dir/feature_tests.cxx.o  -o cmTC_8ab8a  


    Feature record: CXX_FEATURE:0cxx_aggregate_default_initializers
    Feature record: CXX_FEATURE:0cxx_alias_templates
    Feature record: CXX_FEATURE:0cxx_alignas
    Feature record: CXX_FEATURE:0cxx_alignof
    Feature record: CXX_FEATURE:0cxx_attributes
    Feature record: CXX_FEATURE:0cxx_attribute_deprecated
    Feature record: CXX_FEATURE:0cxx_auto_type
    Feature record: CXX_FEATURE:0cxx_binary_literals
    Feature record: CXX_FEATURE:0cxx_constexpr
    Feature record: CXX_FEATURE:0cxx_contextual_conversions
    Feature record: CXX_FEATURE:0cxx_decltype
    Feature record: CXX_FEATURE:0cxx_decltype_auto
    Feature record: CXX_FEATURE:0cxx_decltype_incomplete_return_types
    Feature record: CXX_FEATURE:0cxx_default_function_template_args
    Feature record: CXX_FEATURE:0cxx_defaulted_functions
    Feature record: CXX_FEATURE:0cxx_defaulted_move_initializers
    Feature record: CXX_FEATURE:0cxx_delegating_constructors
    Feature record: CXX_FEATURE:0cxx_deleted_functions
    Feature record: CXX_FEATURE:0cxx_digit_separators
    Feature record: CXX_FEATURE:0cxx_enum_forward_declarations
    Feature record: CXX_FEATURE:0cxx_explicit_conversions
    Feature record: CXX_FEATURE:0cxx_extended_friend_declarations
    Feature record: CXX_FEATURE:0cxx_extern_templates
    Feature record: CXX_FEATURE:0cxx_final
    Feature record: CXX_FEATURE:0cxx_func_identifier
    Feature record: CXX_FEATURE:0cxx_generalized_initializers
    Feature record: CXX_FEATURE:0cxx_generic_lambdas
    Feature record: CXX_FEATURE:0cxx_inheriting_constructors
    Feature record: CXX_FEATURE:0cxx_inline_namespaces
    Feature record: CXX_FEATURE:0cxx_lambdas
    Feature record: CXX_FEATURE:0cxx_lambda_init_captures
    Feature record: CXX_FEATURE:0cxx_local_type_template_args
    Feature record: CXX_FEATURE:0cxx_long_long_type
    Feature record: CXX_FEATURE:0cxx_noexcept
    Feature record: CXX_FEATURE:0cxx_nonstatic_member_init
    Feature record: CXX_FEATURE:0cxx_nullptr
    Feature record: CXX_FEATURE:0cxx_override
    Feature record: CXX_FEATURE:0cxx_range_for
    Feature record: CXX_FEATURE:0cxx_raw_string_literals
    Feature record: CXX_FEATURE:0cxx_reference_qualified_functions
    Feature record: CXX_FEATURE:0cxx_relaxed_constexpr
    Feature record: CXX_FEATURE:0cxx_return_type_deduction
    Feature record: CXX_FEATURE:0cxx_right_angle_brackets
    Feature record: CXX_FEATURE:0cxx_rvalue_references
    Feature record: CXX_FEATURE:0cxx_sizeof_member
    Feature record: CXX_FEATURE:0cxx_static_assert
    Feature record: CXX_FEATURE:0cxx_strong_enums
    Feature record: CXX_FEATURE:1cxx_template_template_parameters
    Feature record: CXX_FEATURE:0cxx_thread_local
    Feature record: CXX_FEATURE:0cxx_trailing_return_types
    Feature record: CXX_FEATURE:0cxx_unicode_literals
    Feature record: CXX_FEATURE:0cxx_uniform_initialization
    Feature record: CXX_FEATURE:0cxx_unrestricted_unions
    Feature record: CXX_FEATURE:0cxx_user_literals
    Feature record: CXX_FEATURE:0cxx_variable_templates
    Feature record: CXX_FEATURE:0cxx_variadic_macros
    Feature record: CXX_FEATURE:0cxx_variadic_templates
Determining if the include file pthread.h exists passed with the following output:
Change Dir: /Users/fuadshah/Desktop/MVCCART/CMakeFiles/CMakeTmp

Run Build Command:"/usr/bin/make" "cmTC_9ec4d/fast"
/Library/Developer/CommandLineTools/usr/bin/make -f CMakeFiles/cmTC_9ec4d.dir/build.make CMakeFiles/cmTC_9ec4d.dir/build
Building C object CMakeFiles/cmTC_9ec4d.dir/CheckIncludeFile.c.o
/Library/Developer/CommandLineTools/usr/bin/cc     -o CMakeFiles/cmTC_9ec4d.dir/CheckIncludeFile.c.o   -c /Users/fuadshah/Desktop/MVCCART/CMakeFiles/CMakeTmp/CheckIncludeFile.c
Linking C executable cmTC_9ec4d
/Applications/CLion.app/Contents/bin/cmake/bin/cmake -E cmake_link_script CMakeFiles/cmTC_9ec4d.dir/link.txt --verbose=1
/Library/Developer/CommandLineTools/usr/bin/cc    -Wl,-search_paths_first -Wl,-headerpad_max_install_names   CMakeFiles/cmTC_9ec4d.dir/CheckIncludeFile.c.o  -o cmTC_9ec4d  


Determining if the pthread_create exist passed with the following output:
Change Dir: /Users/fuadshah/Desktop/MVCCART/CMakeFiles/CMakeTmp

Run Build Command:"/usr/bin/make" "cmTC_439b6/fast"
/Library/Developer/CommandLineTools/usr/bin/make -f CMakeFiles/cmTC_439b6.dir/build.make CMakeFiles/cmTC_439b6.dir/build
Building C object CMakeFiles/cmTC_439b6.dir/CheckSymbolExists.c.o
/Library/Developer/CommandLineTools/usr/bin/cc     -o CMakeFiles/cmTC_439b6.dir/CheckSymbolExists.c.o   -c /Users/fuadshah/Desktop/MVCCART/CMakeFiles/CMakeTmp/CheckSymbolExists.c
Linking C executable cmTC_439b6
/Applications/CLion.app/Contents/bin/cmake/bin/cmake -E cmake_link_script CMakeFiles/cmTC_439b6.dir/link.txt --verbose=1
/Library/Developer/CommandLineTools/usr/bin/cc    -Wl,-search_paths_first -Wl,-headerpad_max_install_names   CMakeFiles/cmTC_439b6.dir/CheckSymbolExists.c.o  -o cmTC_439b6  

File /Users/fuadshah/Desktop/MVCCART/CMakeFiles/CMakeTmp/CheckSymbolExists.c:
/* */
#include <pthread.h>

int main(int argc, char** argv)
{
  (void)argv;
#ifndef pthread_create
  return ((int*)(&pthread_create))[argc];
#else
  (void)argc;
  return 0;
#endif
}

Performing C++ SOURCE FILE Test HAVE_STD_CPP11_FLAG succeeded with the following output:
Change Dir: /Users/fuadshah/Desktop/MVCCART/CMakeFiles/CMakeTmp

Run Build Command:"/usr/bin/make" "cmTC_ac9db/fast"
/Library/Developer/CommandLineTools/usr/bin/make -f CMakeFiles/cmTC_ac9db.dir/build.make CMakeFiles/cmTC_ac9db.dir/build
Building CXX object CMakeFiles/cmTC_ac9db.dir/src.cxx.o
/Library/Developer/CommandLineTools/usr/bin/c++     -g -Wall -std=c++1y -DHAVE_STD_CPP11_FLAG   -std=c++11 -o CMakeFiles/cmTC_ac9db.dir/src.cxx.o -c /Users/fuadshah/Desktop/MVCCART/CMakeFiles/CMakeTmp/src.cxx
Linking CXX executable cmTC_ac9db
/Applications/CLion.app/Contents/bin/cmake/bin/cmake -E cmake_link_script CMakeFiles/cmTC_ac9db.dir/link.txt --verbose=1
/Library/Developer/CommandLineTools/usr/bin/c++    -g -Wall -std=c++1y -DHAVE_STD_CPP11_FLAG -Wl,-search_paths_first -Wl,-headerpad_max_install_names   CMakeFiles/cmTC_ac9db.dir/src.cxx.o  -o cmTC_ac9db  

Source file was:
int main() { return 0; }
Performing C++ SOURCE FILE Test FMT_CPP11_CMATH succeeded with the following output:
Change Dir: /Users/fuadshah/Desktop/MVCCART/CMakeFiles/CMakeTmp

Run Build Command:"/usr/bin/make" "cmTC_419ae/fast"
/Library/Developer/CommandLineTools/usr/bin/make -f CMakeFiles/cmTC_419ae.dir/build.make CMakeFiles/cmTC_419ae.dir/build
Building CXX object CMakeFiles/cmTC_419ae.dir/src.cxx.o
/Library/Developer/CommandLineTools/usr/bin/c++     -g -Wall -std=c++1y -DFMT_CPP11_CMATH -std=c++11 -O3   -o CMakeFiles/cmTC_419ae.dir/src.cxx.o -c /Users/fuadshah/Desktop/MVCCART/CMakeFiles/CMakeTmp/src.cxx
Linking CXX executable cmTC_419ae
/Applications/CLion.app/Contents/bin/cmake/bin/cmake -E cmake_link_script CMakeFiles/cmTC_419ae.dir/link.txt --verbose=1
/Library/Developer/CommandLineTools/usr/bin/c++    -g -Wall -std=c++1y -DFMT_CPP11_CMATH -std=c++11 -O3 -Wl,-search_paths_first -Wl,-headerpad_max_install_names   CMakeFiles/cmTC_419ae.dir/src.cxx.o  -o cmTC_419ae  

Source file was:

      #include <cmath>
      int main() {}
Performing C++ SOURCE FILE Test FMT_CPP11_UNISTD_H succeeded with the following output:
Change Dir: /Users/fuadshah/Desktop/MVCCART/CMakeFiles/CMakeTmp

Run Build Command:"/usr/bin/make" "cmTC_e8f45/fast"
/Library/Developer/CommandLineTools/usr/bin/make -f CMakeFiles/cmTC_e8f45.dir/build.make CMakeFiles/cmTC_e8f45.dir/build
Building CXX object CMakeFiles/cmTC_e8f45.dir/src.cxx.o
/Library/Developer/CommandLineTools/usr/bin/c++     -g -Wall -std=c++1y -DFMT_CPP11_UNISTD_H -std=c++11 -O3   -o CMakeFiles/cmTC_e8f45.dir/src.cxx.o -c /Users/fuadshah/Desktop/MVCCART/CMakeFiles/CMakeTmp/src.cxx
Linking CXX executable cmTC_e8f45
/Applications/CLion.app/Contents/bin/cmake/bin/cmake -E cmake_link_script CMakeFiles/cmTC_e8f45.dir/link.txt --verbose=1
/Library/Developer/CommandLineTools/usr/bin/c++    -g -Wall -std=c++1y -DFMT_CPP11_UNISTD_H -std=c++11 -O3 -Wl,-search_paths_first -Wl,-headerpad_max_install_names   CMakeFiles/cmTC_e8f45.dir/src.cxx.o  -o cmTC_e8f45  

Source file was:

      #include <unistd.h>
      int main() {}
Performing C++ SOURCE FILE Test FMT_CPP11_SNPRINTF succeeded with the following output:
Change Dir: /Users/fuadshah/Desktop/MVCCART/CMakeFiles/CMakeTmp

Run Build Command:"/usr/bin/make" "cmTC_8106c/fast"
/Library/Developer/CommandLineTools/usr/bin/make -f CMakeFiles/cmTC_8106c.dir/build.make CMakeFiles/cmTC_8106c.dir/build
Building CXX object CMakeFiles/cmTC_8106c.dir/src.cxx.o
/Library/Developer/CommandLineTools/usr/bin/c++     -g -Wall -std=c++1y -DFMT_CPP11_SNPRINTF -std=c++11 -O3   -o CMakeFiles/cmTC_8106c.dir/src.cxx.o -c /Users/fuadshah/Desktop/MVCCART/CMakeFiles/CMakeTmp/src.cxx
Linking CXX executable cmTC_8106c
/Applications/CLion.app/Contents/bin/cmake/bin/cmake -E cmake_link_script CMakeFiles/cmTC_8106c.dir/link.txt --verbose=1
/Library/Developer/CommandLineTools/usr/bin/c++    -g -Wall -std=c++1y -DFMT_CPP11_SNPRINTF -std=c++11 -O3 -Wl,-search_paths_first -Wl,-headerpad_max_install_names   CMakeFiles/cmTC_8106c.dir/src.cxx.o  -o cmTC_8106c  

Source file was:

      #include <stdio.h>
      int main() {
        char buffer[10];
        snprintf(buffer, 10, "foo");
      }
Performing C++ SOURCE FILE Test SUPPORTS_VARIADIC_TEMPLATES succeeded with the following output:
Change Dir: /Users/fuadshah/Desktop/MVCCART/CMakeFiles/CMakeTmp

Run Build Command:"/usr/bin/make" "cmTC_935ec/fast"
/Library/Developer/CommandLineTools/usr/bin/make -f CMakeFiles/cmTC_935ec.dir/build.make CMakeFiles/cmTC_935ec.dir/build
Building CXX object CMakeFiles/cmTC_935ec.dir/src.cxx.o
/Library/Developer/CommandLineTools/usr/bin/c++     -g -Wall -std=c++1y -DSUPPORTS_VARIADIC_TEMPLATES -std=c++11   -o CMakeFiles/cmTC_935ec.dir/src.cxx.o -c /Users/fuadshah/Desktop/MVCCART/CMakeFiles/CMakeTmp/src.cxx
Linking CXX executable cmTC_935ec
/Applications/CLion.app/Contents/bin/cmake/bin/cmake -E cmake_link_script CMakeFiles/cmTC_935ec.dir/link.txt --verbose=1
/Library/Developer/CommandLineTools/usr/bin/c++    -g -Wall -std=c++1y -DSUPPORTS_VARIADIC_TEMPLATES -std=c++11 -Wl,-search_paths_first -Wl,-headerpad_max_install_names   CMakeFiles/cmTC_935ec.dir/src.cxx.o  -o cmTC_935ec  

Source file was:

  template <class T, class ...Types>
  struct S { typedef typename S<Types...>::type type; };
  int main() {}
Performing C++ SOURCE FILE Test SUPPORTS_INITIALIZER_LIST succeeded with the following output:
Change Dir: /Users/fuadshah/Desktop/MVCCART/CMakeFiles/CMakeTmp

Run Build Command:"/usr/bin/make" "cmTC_269cf/fast"
/Library/Developer/CommandLineTools/usr/bin/make -f CMakeFiles/cmTC_269cf.dir/build.make CMakeFiles/cmTC_269cf.dir/build
Building CXX object CMakeFiles/cmTC_269cf.dir/src.cxx.o
/Library/Developer/CommandLineTools/usr/bin/c++     -g -Wall -std=c++1y -DSUPPORTS_INITIALIZER_LIST -std=c++11   -o CMakeFiles/cmTC_269cf.dir/src.cxx.o -c /Users/fuadshah/Desktop/MVCCART/CMakeFiles/CMakeTmp/src.cxx
Linking CXX executable cmTC_269cf
/Applications/CLion.app/Contents/bin/cmake/bin/cmake -E cmake_link_script CMakeFiles/cmTC_269cf.dir/link.txt --verbose=1
/Library/Developer/CommandLineTools/usr/bin/c++    -g -Wall -std=c++1y -DSUPPORTS_INITIALIZER_LIST -std=c++11 -Wl,-search_paths_first -Wl,-headerpad_max_install_names   CMakeFiles/cmTC_269cf.dir/src.cxx.o  -o cmTC_269cf  

Source file was:

  #include <initializer_list>
  int main() {}
Performing C++ SOURCE FILE Test SUPPORTS_ENUM_BASE succeeded with the following output:
Change Dir: /Users/fuadshah/Desktop/MVCCART/CMakeFiles/CMakeTmp

Run Build Command:"/usr/bin/make" "cmTC_affc0/fast"
/Library/Developer/CommandLineTools/usr/bin/make -f CMakeFiles/cmTC_affc0.dir/build.make CMakeFiles/cmTC_affc0.dir/build
Building CXX object CMakeFiles/cmTC_affc0.dir/src.cxx.o
/Library/Developer/CommandLineTools/usr/bin/c++     -g -Wall -std=c++1y -DSUPPORTS_ENUM_BASE -std=c++11   -o CMakeFiles/cmTC_affc0.dir/src.cxx.o -c /Users/fuadshah/Desktop/MVCCART/CMakeFiles/CMakeTmp/src.cxx
Linking CXX executable cmTC_affc0
/Applications/CLion.app/Contents/bin/cmake/bin/cmake -E cmake_link_script CMakeFiles/cmTC_affc0.dir/link.txt --verbose=1
/Library/Developer/CommandLineTools/usr/bin/c++    -g -Wall -std=c++1y -DSUPPORTS_ENUM_BASE -std=c++11 -Wl,-search_paths_first -Wl,-headerpad_max_install_names   CMakeFiles/cmTC_affc0.dir/src.cxx.o  -o cmTC_affc0  

Source file was:

  enum C : char {A};
  int main() {}
Performing C++ SOURCE FILE Test SUPPORTS_TYPE_TRAITS succeeded with the following output:
Change Dir: /Users/fuadshah/Desktop/MVCCART/CMakeFiles/CMakeTmp

Run Build Command:"/usr/bin/make" "cmTC_3286b/fast"
/Library/Developer/CommandLineTools/usr/bin/make -f CMakeFiles/cmTC_3286b.dir/build.make CMakeFiles/cmTC_3286b.dir/build
Building CXX object CMakeFiles/cmTC_3286b.dir/src.cxx.o
/Library/Developer/CommandLineTools/usr/bin/c++     -g -Wall -std=c++1y -DSUPPORTS_TYPE_TRAITS -std=c++11   -o CMakeFiles/cmTC_3286b.dir/src.cxx.o -c /Users/fuadshah/Desktop/MVCCART/CMakeFiles/CMakeTmp/src.cxx
Linking CXX executable cmTC_3286b
/Applications/CLion.app/Contents/bin/cmake/bin/cmake -E cmake_link_script CMakeFiles/cmTC_3286b.dir/link.txt --verbose=1
/Library/Developer/CommandLineTools/usr/bin/c++    -g -Wall -std=c++1y -DSUPPORTS_TYPE_TRAITS -std=c++11 -Wl,-search_paths_first -Wl,-headerpad_max_install_names   CMakeFiles/cmTC_3286b.dir/src.cxx.o  -o cmTC_3286b  

Source file was:

  #include <type_traits>
  class C { void operator=(const C&); };
  int main() { static_assert(!std::is_copy_assignable<C>::value, ""); }
Performing C++ SOURCE FILE Test SUPPORTS_USER_DEFINED_LITERALS succeeded with the following output:
Change Dir: /Users/fuadshah/Desktop/MVCCART/CMakeFiles/CMakeTmp

Run Build Command:"/usr/bin/make" "cmTC_59996/fast"
/Library/Developer/CommandLineTools/usr/bin/make -f CMakeFiles/cmTC_59996.dir/build.make CMakeFiles/cmTC_59996.dir/build
Building CXX object CMakeFiles/cmTC_59996.dir/src.cxx.o
/Library/Developer/CommandLineTools/usr/bin/c++     -g -Wall -std=c++1y -DSUPPORTS_USER_DEFINED_LITERALS -std=c++11   -o CMakeFiles/cmTC_59996.dir/src.cxx.o -c /Users/fuadshah/Desktop/MVCCART/CMakeFiles/CMakeTmp/src.cxx
Linking CXX executable cmTC_59996
/Applications/CLion.app/Contents/bin/cmake/bin/cmake -E cmake_link_script CMakeFiles/cmTC_59996.dir/link.txt --verbose=1
/Library/Developer/CommandLineTools/usr/bin/c++    -g -Wall -std=c++1y -DSUPPORTS_USER_DEFINED_LITERALS -std=c++11 -Wl,-search_paths_first -Wl,-headerpad_max_install_names   CMakeFiles/cmTC_59996.dir/src.cxx.o  -o cmTC_59996  

Source file was:

  void operator"" _udl(long double);
  int main() {}
Determining if the open exist passed with the following output:
Change Dir: /Users/fuadshah/Desktop/MVCCART/CMakeFiles/CMakeTmp

Run Build Command:"/usr/bin/make" "cmTC_ffb44/fast"
/Library/Developer/CommandLineTools/usr/bin/make -f CMakeFiles/cmTC_ffb44.dir/build.make CMakeFiles/cmTC_ffb44.dir/build
Building C object CMakeFiles/cmTC_ffb44.dir/CheckSymbolExists.c.o
/Library/Developer/CommandLineTools/usr/bin/cc     -o CMakeFiles/cmTC_ffb44.dir/CheckSymbolExists.c.o   -c /Users/fuadshah/Desktop/MVCCART/CMakeFiles/CMakeTmp/CheckSymbolExists.c
Linking C executable cmTC_ffb44
/Applications/CLion.app/Contents/bin/cmake/bin/cmake -E cmake_link_script CMakeFiles/cmTC_ffb44.dir/link.txt --verbose=1
/Library/Developer/CommandLineTools/usr/bin/cc    -Wl,-search_paths_first -Wl,-headerpad_max_install_names   CMakeFiles/cmTC_ffb44.dir/CheckSymbolExists.c.o  -o cmTC_ffb44  

File /Users/fuadshah/Desktop/MVCCART/CMakeFiles/CMakeTmp/CheckSymbolExists.c:
/* */
#include <fcntl.h>

int main(int argc, char** argv)
{
  (void)argv;
#ifndef open
  return ((int*)(&open))[argc];
#else
  (void)argc;
  return 0;
#endif
}

